<?xml version="1.0" encoding="UTF-8"?>
<!-- Generated by org.testng.reporters.JUnitReportReporter -->
<testsuite hostname="Ashishs-MacBook-Air.local" failures="0" tests="2" name="cucumberOptions.TestngTestRunner" time="16.596" errors="0" timestamp="2022-05-22T01:34:53 IST" skipped="0">
  <testcase classname="cucumberOptions.TestngTestRunner" name="runScenario" time="6.863"/>
  <system-out/>
  <testcase classname="cucumberOptions.TestngTestRunner" name="runScenario" time="9.733"/>
  <system-out/>
</testsuite> <!-- cucumberOptions.TestngTestRunner -->
